UG to STEP
! INFO-     NX STEP AP214 - V1980
! INFO-      
! INFO-     Start of Translation: 13-DEC-2023  3:10:34 PM
! INFO-      
! STATUS-   Converting Part: %UGMGR=V3.2 PH=CaqV0heYKPLEjD PRH=CauV0heYKPLEjD PN=D10000000944327 PRN=A001 RT="has shape" AT="UG master part file"
! SUMMARY-   
! SUMMARY-  Summary of Unigraphics Part Entities
! SUMMARY-  For Part: %UGMGR=V3.2 PH=CaqV0heYKPLEjD PRH=CauV0heYKPLEjD PN=D10000000944327 PRN=A001 RT="has shape" AT="UG master part file" 
! SUMMARY-  Entities Processed             Count
! SUMMARY-  ------------------             -----
! SUMMARY-  Part Attribute ..............:     1
! SUMMARY-  Font ........................:     1
! SUMMARY-  Color Table .................:     2
! SUMMARY-  Coordinate System ...........:     7
! SUMMARY-  Parameter ...................:     1
! SUMMARY-  Matrix ......................:     1
! SUMMARY-  Solid .......................:
! SUMMARY-     Body .....................:     1
! SUMMARY-                                 -----
! SUMMARY-  Total                             14
! STATUS-    
! STATUS-   Converting to Output Form (Phase 2 of 3): 13-DEC-2023 3:10:35 PM
! STATUS-    
! STATUS-    
! STATUS-   Generating UG geometry and placing them in parts
! STATUS-    
! SUMMARY-   
! SUMMARY-    STEP Header Information
! SUMMARY-   
! SUMMARY-  Description      Unknown
! SUMMARY-  Imp_Level        1
! SUMMARY-  File_Name        MVED_Cx_100_75_100_1.stp
! SUMMARY-  Date             2023-12-13T15:10:35+01:00
! SUMMARY-  Author           Unknown
! SUMMARY-  Organization     Unknown
! SUMMARY-  Pre_Version      ST-DEVELOPER v18.1
! SUMMARY-  Orig_System      SIEMENS PLM Software NX 2000
! SUMMARY-  Authorization    Unknown
! SUMMARY-  Schema_ID        step_merged_ap_schema
! SUMMARY-   
! SUMMARY-    Summary of STEP Entities
! SUMMARY-   
! SUMMARY-  Entity Type                                                   Count
! SUMMARY-  -----------                                                   ------
! SUMMARY-  advanced_face ..............................................:    142
! SUMMARY-  application_context ........................................:      1
! SUMMARY-  axis2_placement_3d .........................................:    188
! SUMMARY-  b_spline_curve_with_knots ..................................:    175
! SUMMARY-  b_spline_curve_with_knots_and_rational_b_spline_curve ......:      1
! SUMMARY-  b_spline_surface_with_knots ................................:     13
! SUMMARY-  b_spline_surface_with_knots_and_rational_b_spline_surface ..:      9
! SUMMARY-  cartesian_point ............................................:   4951
! SUMMARY-  circle .....................................................:     59
! SUMMARY-  closed_shell ...............................................:      1
! SUMMARY-  conical_surface ............................................:     11
! SUMMARY-  conversion_based_unit_and_plane_angle_unit .................:      1
! SUMMARY-  cylindrical_surface ........................................:     55
! SUMMARY-  dimensional_exponents ......................................:      1
! SUMMARY-  direction ..................................................:    417
! SUMMARY-  edge_curve .................................................:    284
! SUMMARY-  edge_loop ..................................................:    187
! SUMMARY-  ellipse ....................................................:      8
! SUMMARY-  face_bound .................................................:     89
! SUMMARY-  face_outer_bound ...........................................:     98
! SUMMARY-  geometric_representation_context_and_global_uncertainty_a ..:      1
! SUMMARY-  length_unit_and_si_unit ....................................:      1
! SUMMARY-  line .......................................................:     41
! SUMMARY-  manifold_solid_brep ........................................:      1
! SUMMARY-  oriented_edge ..............................................:    568
! SUMMARY-  plane ......................................................:     29
! SUMMARY-  plane_angle_measure_with_unit ..............................:      1
! SUMMARY-  plane_angle_unit_and_si_unit ...............................:      1
! SUMMARY-  product ....................................................:      1
! SUMMARY-  product_context ............................................:      1
! SUMMARY-  product_definition .........................................:      1
! SUMMARY-  product_definition_context .................................:      1
! SUMMARY-  product_definition_formation_with_specified_source .........:      1
! SUMMARY-  product_definition_shape ...................................:      1
! SUMMARY-  product_related_product_category ...........................:      1
! SUMMARY-  si_unit_and_solid_angle_unit ...............................:      1
! SUMMARY-  toroidal_surface ...........................................:     25
! SUMMARY-  uncertainty_measure_with_unit ..............................:      1
! SUMMARY-  vector .....................................................:     41
! SUMMARY-  vertex_point ...............................................:    179
! SUMMARY-                                                               -------
! SUMMARY-  Total                                                           7588
! INFO-      
! INFO-     User interface/default file
! INFO-     Bspline aprx. value in effect for this translation : 2.540000e-02 mm
! INFO-      
! INFO-     Total number of solids input for this translation  :       1
! INFO-      
! INFO-     Number of solids processed without problems        :       1
! INFO-      
! INFO-     Number of solids with problems output as sheets    :       0
! INFO-      
! INFO-     Number of solids not processed                     :       0
! INFO-      
! INFO-     End of Translation: 13-DEC-2023  3:10:35 PM
! INFO-      
