UG to STEP
! INFO-     NX STEP AP214 - V1980
! INFO-      
! INFO-     Start of Translation: 13-DEC-2023  2:40:05 PM
! INFO-      
! STATUS-   Converting Part: %UGMGR=V3.2 PH=j9uVm3ObKPLEjD PRH=jbtVm3ObKPLEjD PN=D10000000950983 PRN=A001 RT="has shape" AT="UG master part file"
! SUMMARY-   
! SUMMARY-  Summary of Unigraphics Part Entities
! SUMMARY-  For Part: %UGMGR=V3.2 PH=j9uVm3ObKPLEjD PRH=jbtVm3ObKPLEjD PN=D10000000950983 PRN=A001 RT="has shape" AT="UG master part file" 
! SUMMARY-  Entities Processed             Count
! SUMMARY-  ------------------             -----
! SUMMARY-  Part Attribute ..............:     1
! SUMMARY-  Font ........................:     1
! SUMMARY-  Color Table .................:     2
! SUMMARY-  Coordinate System ...........:     2
! SUMMARY-  Parameter ...................:     1
! SUMMARY-  Matrix ......................:     1
! SUMMARY-  Component ...................:     3
! SUMMARY-                                 -----
! SUMMARY-  Total                             11
! SUMMARY-   
! SUMMARY-  Summary of Unigraphics Part Entities
! SUMMARY-  For Part: %UGMGR=V3.2 PH=C9pVm3ObKPLEjD PRH=C9tVm3ObKPLEjD PN=D10000000950962 PRN=A001 RT="has shape" AT="UG master part file"  
! SUMMARY-  Entities Processed             Count
! SUMMARY-  ------------------             -----
! SUMMARY-  Part Attribute ..............:     1
! SUMMARY-  Font ........................:     1
! SUMMARY-  Color Table .................:     2
! SUMMARY-  Coordinate System ...........:     2
! SUMMARY-  Parameter ...................:     1
! SUMMARY-  Matrix ......................:     1
! SUMMARY-  Reference Set ...............:     1
! SUMMARY-  Solid .......................:
! SUMMARY-     Body .....................:     1
! SUMMARY-                                 -----
! SUMMARY-  Total                             10
! SUMMARY-   
! SUMMARY-  Summary of Unigraphics Part Entities
! SUMMARY-  For Part: %UGMGR=V3.2 PH=S3vVm3ObKPLEjD PRH=S7jVm3ObKPLEjD PN=D10000000950973 PRN=A001 RT="has shape" AT="UG master part file"  
! SUMMARY-  Entities Processed             Count
! SUMMARY-  ------------------             -----
! SUMMARY-  Part Attribute ..............:     1
! SUMMARY-  Font ........................:     1
! SUMMARY-  Color Table .................:     2
! SUMMARY-  Coordinate System ...........:     2
! SUMMARY-  Parameter ...................:     1
! SUMMARY-  Matrix ......................:     1
! SUMMARY-  Reference Set ...............:     1
! SUMMARY-  Solid .......................:
! SUMMARY-     Body .....................:     1
! SUMMARY-                                 -----
! SUMMARY-  Total                             10
! SUMMARY-   
! SUMMARY-  Summary of Unigraphics Part Entities
! SUMMARY-  For Part: %UGMGR=V3.2 PH=StmVm3ObKPLEjD PRH=StqVm3ObKPLEjD PN=D10000000950963 PRN=A001 RT="has shape" AT="UG master part file"  
! SUMMARY-  Entities Processed             Count
! SUMMARY-  ------------------             -----
! SUMMARY-  Part Attribute ..............:     1
! SUMMARY-  Font ........................:     1
! SUMMARY-  Color Table .................:     2
! SUMMARY-  Coordinate System ...........:     2
! SUMMARY-  Parameter ...................:     1
! SUMMARY-  Matrix ......................:     1
! SUMMARY-  Reference Set ...............:     1
! SUMMARY-  Solid .......................:
! SUMMARY-     Body .....................:     1
! SUMMARY-                                 -----
! SUMMARY-  Total                             10
! STATUS-    
! STATUS-   Converting to Output Form (Phase 2 of 3): 13-DEC-2023 2:40:05 PM
! STATUS-    
! STATUS-    
! STATUS-   Generating UG geometry and placing them in parts
! STATUS-    
! SUMMARY-   
! SUMMARY-    STEP Header Information
! SUMMARY-   
! SUMMARY-  Description      Unknown
! SUMMARY-  Imp_Level        1
! SUMMARY-  File_Name        D10000000950983_A001.stp
! SUMMARY-  Date             2023-12-13T14:40:05+01:00
! SUMMARY-  Author           Unknown
! SUMMARY-  Organization     Unknown
! SUMMARY-  Pre_Version      ST-DEVELOPER v18.1
! SUMMARY-  Orig_System      SIEMENS PLM Software NX 2000
! SUMMARY-  Authorization    Unknown
! SUMMARY-  Schema_ID        step_merged_ap_schema
! SUMMARY-   
! SUMMARY-    Summary of STEP Entities
! SUMMARY-   
! SUMMARY-  Entity Type                                                   Count
! SUMMARY-  -----------                                                   ------
! SUMMARY-  advanced_face ..............................................:    102
! SUMMARY-  application_context ........................................:      1
! SUMMARY-  axis2_placement_3d .........................................:    193
! SUMMARY-  b_spline_curve_with_knots ..................................:     26
! SUMMARY-  b_spline_curve_with_knots_and_rational_b_spline_curve ......:      4
! SUMMARY-  b_spline_surface_with_knots ................................:      2
! SUMMARY-  b_spline_surface_with_knots_and_rational_b_spline_surface ..:      3
! SUMMARY-  cartesian_point ............................................:    794
! SUMMARY-  circle .....................................................:     87
! SUMMARY-  closed_shell ...............................................:      3
! SUMMARY-  conical_surface ............................................:     21
! SUMMARY-  context_dependent_shape_representation .....................:      3
! SUMMARY-  conversion_based_unit_and_plane_angle_unit .................:      1
! SUMMARY-  cylindrical_surface ........................................:     35
! SUMMARY-  dimensional_exponents ......................................:      1
! SUMMARY-  direction ..................................................:    473
! SUMMARY-  edge_curve .................................................:    209
! SUMMARY-  edge_loop ..................................................:    151
! SUMMARY-  ellipse ....................................................:      5
! SUMMARY-  face_bound .................................................:     95
! SUMMARY-  face_outer_bound ...........................................:     56
! SUMMARY-  geometric_representation_context_and_global_uncertainty_a ..:      4
! SUMMARY-  item_defined_transformation ................................:      3
! SUMMARY-  length_unit_and_si_unit ....................................:      1
! SUMMARY-  line .......................................................:     87
! SUMMARY-  manifold_solid_brep ........................................:      3
! SUMMARY-  next_assembly_usage_occurrence .............................:      3
! SUMMARY-  oriented_edge ..............................................:    418
! SUMMARY-  plane ......................................................:     35
! SUMMARY-  plane_angle_measure_with_unit ..............................:      1
! SUMMARY-  plane_angle_unit_and_si_unit ...............................:      1
! SUMMARY-  product ....................................................:      4
! SUMMARY-  product_context ............................................:      4
! SUMMARY-  product_definition .........................................:      4
! SUMMARY-  product_definition_context .................................:      4
! SUMMARY-  product_definition_formation_with_specified_source .........:      4
! SUMMARY-  product_definition_shape ...................................:      7
! SUMMARY-  product_related_product_category ...........................:      4
! SUMMARY-  representation_relationship_with_transformation_and_shape ..:      3
! SUMMARY-  shape_representation .......................................:      4
! SUMMARY-  si_unit_and_solid_angle_unit ...............................:      1
! SUMMARY-  toroidal_surface ...........................................:      6
! SUMMARY-  uncertainty_measure_with_unit ..............................:      4
! SUMMARY-  vector .....................................................:     87
! SUMMARY-  vertex_point ...............................................:    150
! SUMMARY-                                                               -------
! SUMMARY-  Total                                                           3107
! INFO-      
! INFO-     User interface/default file
! INFO-     Bspline aprx. value in effect for this translation : 2.540000e-02 mm
! INFO-      
! INFO-     Total number of solids input for this translation  :       3
! INFO-      
! INFO-     Number of solids processed without problems        :       3
! INFO-      
! INFO-     Number of solids with problems output as sheets    :       0
! INFO-      
! INFO-     Number of solids not processed                     :       0
! INFO-      
! INFO-     End of Translation: 13-DEC-2023  2:40:05 PM
! INFO-      
